<?xml version="1.0" encoding="UTF-8"?>
<testng-results total="0" passed="0" failed="0" skipped="0">
  <reporter-output>
  </reporter-output>
  <suite started-at="2025-01-22T08:10:49Z" name="Test Suite for Buildout" finished-at="2025-01-22T08:11:00Z" duration-ms="11418">
    <groups>
    </groups>
    <test started-at="2025-01-22T08:10:49Z" name="Test Cases for Buildout" finished-at="2025-01-22T08:11:00Z" duration-ms="11418">
      <class name="demo.TestCases">
        <test-method is-config="true" signature="startBrowser()[pri:0, instance:demo.TestCases@3d9f6567]" started-at="2025-01-22T13:40:49Z" name="startBrowser" finished-at="2025-01-22T13:40:57Z" duration-ms="8002" status="PASS">
          <reporter-output>
          </reporter-output>
        </test-method> <!-- startBrowser -->
        <test-method is-config="true" signature="endTest()[pri:0, instance:demo.TestCases@3d9f6567]" started-at="2025-01-22T13:40:57Z" name="endTest" finished-at="2025-01-22T13:41:00Z" duration-ms="3396" status="PASS">
          <reporter-output>
          </reporter-output>
        </test-method> <!-- endTest -->
      </class> <!-- demo.TestCases -->
    </test> <!-- Test Cases for Buildout -->
  </suite> <!-- Test Suite for Buildout -->
</testng-results>
